<?xml version="1.0" encoding="UTF-8"?><testsuite errors="0" failures="0" name="Testing RESTful API Registration (ALTA SHOP)" skipped="0" tests="6" time="7.0" timestamp="2023-11-03 03:53:14"><testcase name="Verify Successful User Registration"/><testcase name="Verify User Registration with Existing Email"/><testcase name="Verify User Registration with Empty Email"/><testcase name="Verify User Registration with Empty Password"/><testcase name="Verify User Registration with Empty Full Name"/><testcase name="Verify User Registration with Special Characters in password"/></testsuite>