<?xml version="1.0" encoding="UTF-8"?><testsuite errors="0" failures="0" name="Testing RESTful API Login (ALTA SHOP)" skipped="0" tests="7" time="8.47" timestamp="2023-11-03 03:53:13"><testcase name="Verify Successful User Login"/><testcase name="Verify User Login with Unregistered Email"/><testcase name="Verify User Login with Incorrect Password"/><testcase name="Verify User Login with Empty Email"/><testcase name="Verify User Login with Empty Password"/><testcase name="Verify User Login with Special Characters in Password"/><testcase name="Verify User Login with Fill in email with valid password, and Fill in password with valid email"/></testsuite>